2015-11-28 08:14:00 Error: Fatal Error (1): Class 'IntlDateFormatter' not found in [C:\wamp\www\xboxlfg\vendor\cakephp\cakephp\src\Database\Type\DateTimeType.php, line 79]
Trace:
Cake\Error\BaseErrorHandler::handleFatalError() - CORE\src\Error\BaseErrorHandler.php, line 191
Cake\Error\BaseErrorHandler::Cake\Error\{closure}() - CORE\src\Error\BaseErrorHandler.php, line 90
[main] - [internal], line ??



2015-11-28 20:30:55 Error: [Cake\Routing\Exception\MissingControllerException] Controller class Articles could not be found.
Exception Attributes: array (
  'class' => 'Articles',
  'plugin' => NULL,
  'prefix' => NULL,
  '_ext' => NULL,
)
Request URL: /xboxlfg/articles
Stack Trace:
#0 C:\wamp\www\xboxlfg\webroot\index.php(37): Cake\Routing\Dispatcher->dispatch(Object(Cake\Network\Request), Object(Cake\Network\Response))
#1 {main}


2015-11-28 20:30:58 Error: [Cake\Routing\Exception\MissingControllerException] Controller class Articles could not be found.
Exception Attributes: array (
  'class' => 'Articles',
  'plugin' => NULL,
  'prefix' => NULL,
  '_ext' => NULL,
)
Request URL: /xboxlfg/articles/
Stack Trace:
#0 C:\wamp\www\xboxlfg\webroot\index.php(37): Cake\Routing\Dispatcher->dispatch(Object(Cake\Network\Request), Object(Cake\Network\Response))
#1 {main}


2015-11-28 20:37:28 Error: [Cake\Routing\Exception\MissingControllerException] Controller class Articles could not be found.
Exception Attributes: array (
  'class' => 'Articles',
  'plugin' => NULL,
  'prefix' => NULL,
  '_ext' => NULL,
)
Request URL: /xboxlfg/articles/
Stack Trace:
#0 C:\wamp\www\xboxlfg\webroot\index.php(37): Cake\Routing\Dispatcher->dispatch(Object(Cake\Network\Request), Object(Cake\Network\Response))
#1 {main}


2015-11-28 20:37:40 Error: [Cake\Routing\Exception\MissingControllerException] Controller class Articles could not be found.
Exception Attributes: array (
  'class' => 'Articles',
  'plugin' => NULL,
  'prefix' => NULL,
  '_ext' => NULL,
)
Request URL: /xboxlfg/articles/
Stack Trace:
#0 C:\wamp\www\xboxlfg\webroot\index.php(37): Cake\Routing\Dispatcher->dispatch(Object(Cake\Network\Request), Object(Cake\Network\Response))
#1 {main}


2015-11-28 20:37:43 Error: [Cake\Routing\Exception\MissingControllerException] Controller class Articles could not be found.
Exception Attributes: array (
  'class' => 'Articles',
  'plugin' => NULL,
  'prefix' => NULL,
  '_ext' => NULL,
)
Request URL: /xboxlfg/articles/index
Stack Trace:
#0 C:\wamp\www\xboxlfg\webroot\index.php(37): Cake\Routing\Dispatcher->dispatch(Object(Cake\Network\Request), Object(Cake\Network\Response))
#1 {main}


2015-11-28 20:40:10 Error: [Cake\Routing\Exception\MissingControllerException] Controller class Articles could not be found.
Exception Attributes: array (
  'class' => 'Articles',
  'plugin' => NULL,
  'prefix' => NULL,
  '_ext' => NULL,
)
Request URL: /xboxlfg/articles/
Stack Trace:
#0 C:\wamp\www\xboxlfg\webroot\index.php(37): Cake\Routing\Dispatcher->dispatch(Object(Cake\Network\Request), Object(Cake\Network\Response))
#1 {main}


2015-11-28 20:40:32 Error: [Cake\Routing\Exception\MissingControllerException] Controller class Articles could not be found.
Exception Attributes: array (
  'class' => 'Articles',
  'plugin' => NULL,
  'prefix' => NULL,
  '_ext' => NULL,
)
Request URL: /xboxlfg/articles/
Stack Trace:
#0 C:\wamp\www\xboxlfg\webroot\index.php(37): Cake\Routing\Dispatcher->dispatch(Object(Cake\Network\Request), Object(Cake\Network\Response))
#1 {main}


2015-11-28 20:57:13 Warning: Warning (4096): Argument 1 passed to App\Model\Table\ArticlesTable::validationDefault() must be an instance of App\Model\Table\Validator, instance of Cake\Validation\Validator given, called in C:\wamp\www\xboxlfg\vendor\cakephp\cakephp\src\Validation\ValidatorAwareTrait.php on line 106 and defined in [C:\wamp\www\xboxlfg\src\Model\Table\ArticlesTable.php, line 15]
Trace:
Cake\Error\BaseErrorHandler::handleError() - CORE\src\Error\BaseErrorHandler.php, line 138
App\Model\Table\ArticlesTable::validationDefault() - APP/Model\Table\ArticlesTable.php, line 15
Cake\ORM\Table::validator() - CORE\src\Validation\ValidatorAwareTrait.php, line 106
Cake\View\Form\EntityContext::_getValidator() - CORE\src\View\Form\EntityContext.php, line 403
Cake\View\Form\EntityContext::isRequired() - CORE\src\View\Form\EntityContext.php, line 349
Cake\View\Helper\FormHelper::_magicOptions() - CORE\src\View\Helper\FormHelper.php, line 1231
Cake\View\Helper\FormHelper::_parseOptions() - CORE\src\View\Helper\FormHelper.php, line 1132
Cake\View\Helper\FormHelper::input() - CORE\src\View\Helper\FormHelper.php, line 987
include - APP/Template\Articles\add.ctp, line 6
Cake\View\View::_evaluate() - CORE\src\View\View.php, line 970
Cake\View\View::_render() - CORE\src\View\View.php, line 930
Cake\View\View::render() - CORE\src\View\View.php, line 578
Cake\Controller\Controller::render() - CORE\src\Controller\Controller.php, line 611
Cake\Routing\Dispatcher::_invoke() - CORE\src\Routing\Dispatcher.php, line 120
Cake\Routing\Dispatcher::dispatch() - CORE\src\Routing\Dispatcher.php, line 87
[main] - ROOT\webroot\index.php, line 37



2015-11-28 20:57:33 Error: [Cake\Controller\Exception\MissingActionException] Action ArticlesController::edit() could not be found, or is not accessible.
Exception Attributes: array (
  'controller' => 'ArticlesController',
  'action' => 'edit',
  'prefix' => '',
  'plugin' => NULL,
)
Request URL: /xboxlfg/articles/edit/1
Stack Trace:
#0 C:\wamp\www\xboxlfg\vendor\cakephp\cakephp\src\Routing\Dispatcher.php(114): Cake\Controller\Controller->invokeAction()
#1 C:\wamp\www\xboxlfg\vendor\cakephp\cakephp\src\Routing\Dispatcher.php(87): Cake\Routing\Dispatcher->_invoke(Object(App\Controller\ArticlesController))
#2 C:\wamp\www\xboxlfg\webroot\index.php(37): Cake\Routing\Dispatcher->dispatch(Object(Cake\Network\Request), Object(Cake\Network\Response))
#3 {main}


2015-11-28 20:58:04 Warning: Warning (4096): Argument 1 passed to App\Model\Table\ArticlesTable::validationDefault() must be an instance of App\Model\Table\Validator, instance of Cake\Validation\Validator given, called in C:\wamp\www\xboxlfg\vendor\cakephp\cakephp\src\Validation\ValidatorAwareTrait.php on line 106 and defined in [C:\wamp\www\xboxlfg\src\Model\Table\ArticlesTable.php, line 15]
Trace:
Cake\Error\BaseErrorHandler::handleError() - CORE\src\Error\BaseErrorHandler.php, line 138
App\Model\Table\ArticlesTable::validationDefault() - APP/Model\Table\ArticlesTable.php, line 15
Cake\ORM\Table::validator() - CORE\src\Validation\ValidatorAwareTrait.php, line 106
Cake\View\Form\EntityContext::_getValidator() - CORE\src\View\Form\EntityContext.php, line 403
Cake\View\Form\EntityContext::isRequired() - CORE\src\View\Form\EntityContext.php, line 349
Cake\View\Helper\FormHelper::_magicOptions() - CORE\src\View\Helper\FormHelper.php, line 1231
Cake\View\Helper\FormHelper::_parseOptions() - CORE\src\View\Helper\FormHelper.php, line 1132
Cake\View\Helper\FormHelper::input() - CORE\src\View\Helper\FormHelper.php, line 987
include - APP/Template\Articles\edit.ctp, line 4
Cake\View\View::_evaluate() - CORE\src\View\View.php, line 970
Cake\View\View::_render() - CORE\src\View\View.php, line 930
Cake\View\View::render() - CORE\src\View\View.php, line 578
Cake\Controller\Controller::render() - CORE\src\Controller\Controller.php, line 611
Cake\Routing\Dispatcher::_invoke() - CORE\src\Routing\Dispatcher.php, line 120
Cake\Routing\Dispatcher::dispatch() - CORE\src\Routing\Dispatcher.php, line 87
[main] - ROOT\webroot\index.php, line 37



2015-11-28 21:40:53 Warning: Warning (2): Invalid argument supplied for foreach() in [C:\wamp\www\xboxlfg\src\Template\Articles\index.ctp, line 22]
Trace:
Cake\Error\BaseErrorHandler::handleError() - CORE\src\Error\BaseErrorHandler.php, line 138
include - APP/Template\Articles\index.ctp, line 22
Cake\View\View::_evaluate() - CORE\src\View\View.php, line 970
Cake\View\View::_render() - CORE\src\View\View.php, line 930
Cake\View\View::render() - CORE\src\View\View.php, line 578
Cake\Controller\Controller::render() - CORE\src\Controller\Controller.php, line 611
Cake\Routing\Dispatcher::_invoke() - CORE\src\Routing\Dispatcher.php, line 120
Cake\Routing\Dispatcher::dispatch() - CORE\src\Routing\Dispatcher.php, line 87
[main] - ROOT\webroot\index.php, line 37



2015-11-28 21:50:38 Error: [Cake\Controller\Exception\MissingActionException] Action ArticlesController::delete() could not be found, or is not accessible.
Exception Attributes: array (
  'controller' => 'ArticlesController',
  'action' => 'delete',
  'prefix' => '',
  'plugin' => NULL,
)
Request URL: /xboxlfg/articles/delete/4
Stack Trace:
#0 C:\wamp\www\xboxlfg\vendor\cakephp\cakephp\src\Routing\Dispatcher.php(114): Cake\Controller\Controller->invokeAction()
#1 C:\wamp\www\xboxlfg\vendor\cakephp\cakephp\src\Routing\Dispatcher.php(87): Cake\Routing\Dispatcher->_invoke(Object(App\Controller\ArticlesController))
#2 C:\wamp\www\xboxlfg\webroot\index.php(37): Cake\Routing\Dispatcher->dispatch(Object(Cake\Network\Request), Object(Cake\Network\Response))
#3 {main}


2015-11-30 05:39:40 Error: [Cake\Routing\Exception\MissingControllerException] Controller class Article could not be found.
Exception Attributes: array (
  'class' => 'Article',
  'plugin' => NULL,
  'prefix' => NULL,
  '_ext' => NULL,
)
Request URL: /xbox-lfg/article
Stack Trace:
#0 C:\wamp\www\xbox-lfg\webroot\index.php(37): Cake\Routing\Dispatcher->dispatch(Object(Cake\Network\Request), Object(Cake\Network\Response))
#1 {main}


2015-11-30 05:43:15 Error: [Cake\Database\Exception] SQLSTATE[42S02]: Base table or view not found: 1146 Table 'xboxlfg.lfg' doesn't exist
Request URL: /xbox-lfg/lfg
Stack Trace:
#0 C:\wamp\www\xbox-lfg\vendor\cakephp\cakephp\src\Database\Schema\Collection.php(96): Cake\Database\Schema\Collection->_reflect('Column', 'lfg', Array, Object(Cake\Database\Schema\Table))
#1 C:\wamp\www\xbox-lfg\vendor\cakephp\cakephp\src\Database\Schema\CachedCollection.php(64): Cake\Database\Schema\Collection->describe('lfg', Array)
#2 C:\wamp\www\xbox-lfg\vendor\cakephp\cakephp\src\ORM\Table.php(423): Cake\Database\Schema\CachedCollection->describe('lfg')
#3 C:\wamp\www\xbox-lfg\vendor\cakephp\cakephp\src\ORM\Query.php(173): Cake\ORM\Table->schema()
#4 C:\wamp\www\xbox-lfg\vendor\cakephp\cakephp\src\ORM\Query.php(131): Cake\ORM\Query->addDefaultTypes(Object(Cake\ORM\Table))
#5 C:\wamp\www\xbox-lfg\vendor\cakephp\cakephp\src\ORM\Table.php(1228): Cake\ORM\Query->__construct(Object(Cake\Database\Connection), Object(Cake\ORM\Table))
#6 C:\wamp\www\xbox-lfg\vendor\cakephp\cakephp\src\ORM\Table.php(931): Cake\ORM\Table->query()
#7 C:\wamp\www\xbox-lfg\src\Controller\LfgController.php(20): Cake\ORM\Table->find('all')
#8 [internal function]: App\Controller\LfgController->index()
#9 C:\wamp\www\xbox-lfg\vendor\cakephp\cakephp\src\Controller\Controller.php(429): call_user_func_array(Array, Array)
#10 C:\wamp\www\xbox-lfg\vendor\cakephp\cakephp\src\Routing\Dispatcher.php(114): Cake\Controller\Controller->invokeAction()
#11 C:\wamp\www\xbox-lfg\vendor\cakephp\cakephp\src\Routing\Dispatcher.php(87): Cake\Routing\Dispatcher->_invoke(Object(App\Controller\LfgController))
#12 C:\wamp\www\xbox-lfg\webroot\index.php(37): Cake\Routing\Dispatcher->dispatch(Object(Cake\Network\Request), Object(Cake\Network\Response))
#13 {main}


2015-11-30 05:43:36 Error: [Cake\Database\Exception] SQLSTATE[42S02]: Base table or view not found: 1146 Table 'xboxlfg.lfg' doesn't exist
Request URL: /xbox-lfg/lfg
Stack Trace:
#0 C:\wamp\www\xbox-lfg\vendor\cakephp\cakephp\src\Database\Schema\Collection.php(96): Cake\Database\Schema\Collection->_reflect('Column', 'lfg', Array, Object(Cake\Database\Schema\Table))
#1 C:\wamp\www\xbox-lfg\vendor\cakephp\cakephp\src\Database\Schema\CachedCollection.php(64): Cake\Database\Schema\Collection->describe('lfg', Array)
#2 C:\wamp\www\xbox-lfg\vendor\cakephp\cakephp\src\ORM\Table.php(423): Cake\Database\Schema\CachedCollection->describe('lfg')
#3 C:\wamp\www\xbox-lfg\vendor\cakephp\cakephp\src\ORM\Query.php(173): Cake\ORM\Table->schema()
#4 C:\wamp\www\xbox-lfg\vendor\cakephp\cakephp\src\ORM\Query.php(131): Cake\ORM\Query->addDefaultTypes(Object(Cake\ORM\Table))
#5 C:\wamp\www\xbox-lfg\vendor\cakephp\cakephp\src\ORM\Table.php(1228): Cake\ORM\Query->__construct(Object(Cake\Database\Connection), Object(Cake\ORM\Table))
#6 C:\wamp\www\xbox-lfg\vendor\cakephp\cakephp\src\ORM\Table.php(931): Cake\ORM\Table->query()
#7 C:\wamp\www\xbox-lfg\src\Controller\LfgController.php(20): Cake\ORM\Table->find('all')
#8 [internal function]: App\Controller\LfgController->index()
#9 C:\wamp\www\xbox-lfg\vendor\cakephp\cakephp\src\Controller\Controller.php(429): call_user_func_array(Array, Array)
#10 C:\wamp\www\xbox-lfg\vendor\cakephp\cakephp\src\Routing\Dispatcher.php(114): Cake\Controller\Controller->invokeAction()
#11 C:\wamp\www\xbox-lfg\vendor\cakephp\cakephp\src\Routing\Dispatcher.php(87): Cake\Routing\Dispatcher->_invoke(Object(App\Controller\LfgController))
#12 C:\wamp\www\xbox-lfg\webroot\index.php(37): Cake\Routing\Dispatcher->dispatch(Object(Cake\Network\Request), Object(Cake\Network\Response))
#13 {main}


2015-11-30 05:46:08 Warning: Warning (2): Invalid argument supplied for foreach() in [C:\wamp\www\xbox-lfg\src\Template\Lfg\index.ctp, line 13]
Trace:
Cake\Error\BaseErrorHandler::handleError() - CORE\src\Error\BaseErrorHandler.php, line 138
include - APP/Template\Lfg\index.ctp, line 13
Cake\View\View::_evaluate() - CORE\src\View\View.php, line 970
Cake\View\View::_render() - CORE\src\View\View.php, line 930
Cake\View\View::render() - CORE\src\View\View.php, line 578
Cake\Controller\Controller::render() - CORE\src\Controller\Controller.php, line 611
Cake\Routing\Dispatcher::_invoke() - CORE\src\Routing\Dispatcher.php, line 120
Cake\Routing\Dispatcher::dispatch() - CORE\src\Routing\Dispatcher.php, line 87
[main] - ROOT\webroot\index.php, line 37



2015-11-30 05:48:10 Warning: Warning (2): Invalid argument supplied for foreach() in [C:\wamp\www\xbox-lfg\src\Template\Lfg\index.ctp, line 13]
Trace:
Cake\Error\BaseErrorHandler::handleError() - CORE\src\Error\BaseErrorHandler.php, line 138
include - APP/Template\Lfg\index.ctp, line 13
Cake\View\View::_evaluate() - CORE\src\View\View.php, line 970
Cake\View\View::_render() - CORE\src\View\View.php, line 930
Cake\View\View::render() - CORE\src\View\View.php, line 578
Cake\Controller\Controller::render() - CORE\src\Controller\Controller.php, line 611
Cake\Routing\Dispatcher::_invoke() - CORE\src\Routing\Dispatcher.php, line 120
Cake\Routing\Dispatcher::dispatch() - CORE\src\Routing\Dispatcher.php, line 87
[main] - ROOT\webroot\index.php, line 37



2015-11-30 05:48:50 Warning: Warning (2): Invalid argument supplied for foreach() in [C:\wamp\www\xbox-lfg\src\Template\Lfg\index.ctp, line 13]
Trace:
Cake\Error\BaseErrorHandler::handleError() - CORE\src\Error\BaseErrorHandler.php, line 138
include - APP/Template\Lfg\index.ctp, line 13
Cake\View\View::_evaluate() - CORE\src\View\View.php, line 970
Cake\View\View::_render() - CORE\src\View\View.php, line 930
Cake\View\View::render() - CORE\src\View\View.php, line 578
Cake\Controller\Controller::render() - CORE\src\Controller\Controller.php, line 611
Cake\Routing\Dispatcher::_invoke() - CORE\src\Routing\Dispatcher.php, line 120
Cake\Routing\Dispatcher::dispatch() - CORE\src\Routing\Dispatcher.php, line 87
[main] - ROOT\webroot\index.php, line 37



2015-11-30 05:48:58 Warning: Warning (2): Invalid argument supplied for foreach() in [C:\wamp\www\xbox-lfg\src\Template\Lfg\index.ctp, line 13]
Trace:
Cake\Error\BaseErrorHandler::handleError() - CORE\src\Error\BaseErrorHandler.php, line 138
include - APP/Template\Lfg\index.ctp, line 13
Cake\View\View::_evaluate() - CORE\src\View\View.php, line 970
Cake\View\View::_render() - CORE\src\View\View.php, line 930
Cake\View\View::render() - CORE\src\View\View.php, line 578
Cake\Controller\Controller::render() - CORE\src\Controller\Controller.php, line 611
Cake\Routing\Dispatcher::_invoke() - CORE\src\Routing\Dispatcher.php, line 120
Cake\Routing\Dispatcher::dispatch() - CORE\src\Routing\Dispatcher.php, line 87
[main] - ROOT\webroot\index.php, line 37



2015-11-30 05:55:54 Error: Fatal Error (1): Call to a member function format() on a non-object in [C:\wamp\www\xbox-lfg\src\Template\Lfg\view.ctp, line 3]
Trace:
Cake\Error\BaseErrorHandler::handleFatalError() - CORE\src\Error\BaseErrorHandler.php, line 191
Cake\Error\BaseErrorHandler::Cake\Error\{closure}() - CORE\src\Error\BaseErrorHandler.php, line 90
[main] - [internal], line ??



2015-11-30 05:55:54 Error: [Cake\Error\FatalErrorException] Call to a member function format() on a non-object
Request URL: /xbox-lfg/lfg/view/1
Stack Trace:
#0 C:\wamp\www\xbox-lfg\vendor\cakephp\cakephp\src\Error\BaseErrorHandler.php(90): Cake\Error\BaseErrorHandler->handleFatalError(1, 'Call to a membe...', 'C:\\wamp\\www\\xbo...', 3)
#1 [internal function]: Cake\Error\BaseErrorHandler->Cake\Error\{closure}()
#2 {main}


2015-11-30 06:26:58 Error: [Cake\View\Exception\MissingHelperException] Helper class webrootHelper could not be found.
Exception Attributes: array (
  'class' => 'webrootHelper',
  'plugin' => NULL,
)
Request URL: /xbox-lfg/lfg
Stack Trace:
#0 C:\wamp\www\xbox-lfg\vendor\cakephp\cakephp\src\Core\ObjectRegistry.php(91): Cake\View\HelperRegistry->_throwMissingClassError('webroot', NULL)
#1 C:\wamp\www\xbox-lfg\vendor\cakephp\cakephp\src\View\HelperRegistry.php(66): Cake\Core\ObjectRegistry->load('webroot')
#2 C:\wamp\www\xbox-lfg\vendor\cakephp\cakephp\src\View\View.php(866): Cake\View\HelperRegistry->__isset('webroot')
#3 C:\wamp\www\xbox-lfg\src\Template\Lfg\index.ctp(8): Cake\View\View->__get('webroot')
#4 C:\wamp\www\xbox-lfg\vendor\cakephp\cakephp\src\View\View.php(970): include('C:\\wamp\\www\\xbo...')
#5 C:\wamp\www\xbox-lfg\vendor\cakephp\cakephp\src\View\View.php(930): Cake\View\View->_evaluate('C:\\wamp\\www\\xbo...', Array)
#6 C:\wamp\www\xbox-lfg\vendor\cakephp\cakephp\src\View\View.php(578): Cake\View\View->_render('C:\\wamp\\www\\xbo...')
#7 C:\wamp\www\xbox-lfg\vendor\cakephp\cakephp\src\Controller\Controller.php(611): Cake\View\View->render(NULL, NULL)
#8 C:\wamp\www\xbox-lfg\vendor\cakephp\cakephp\src\Routing\Dispatcher.php(120): Cake\Controller\Controller->render()
#9 C:\wamp\www\xbox-lfg\vendor\cakephp\cakephp\src\Routing\Dispatcher.php(87): Cake\Routing\Dispatcher->_invoke(Object(App\Controller\LfgController))
#10 C:\wamp\www\xbox-lfg\webroot\index.php(37): Cake\Routing\Dispatcher->dispatch(Object(Cake\Network\Request), Object(Cake\Network\Response))
#11 {main}


2015-11-30 06:27:38 Error: [Cake\View\Exception\MissingHelperException] Helper class webrootHelper could not be found.
Exception Attributes: array (
  'class' => 'webrootHelper',
  'plugin' => NULL,
)
Request URL: /xbox-lfg/lfg
Stack Trace:
#0 C:\wamp\www\xbox-lfg\vendor\cakephp\cakephp\src\Core\ObjectRegistry.php(91): Cake\View\HelperRegistry->_throwMissingClassError('webroot', NULL)
#1 C:\wamp\www\xbox-lfg\vendor\cakephp\cakephp\src\View\HelperRegistry.php(66): Cake\Core\ObjectRegistry->load('webroot')
#2 C:\wamp\www\xbox-lfg\vendor\cakephp\cakephp\src\View\View.php(866): Cake\View\HelperRegistry->__isset('webroot')
#3 C:\wamp\www\xbox-lfg\src\Template\Lfg\index.ctp(8): Cake\View\View->__get('webroot')
#4 C:\wamp\www\xbox-lfg\vendor\cakephp\cakephp\src\View\View.php(970): include('C:\\wamp\\www\\xbo...')
#5 C:\wamp\www\xbox-lfg\vendor\cakephp\cakephp\src\View\View.php(930): Cake\View\View->_evaluate('C:\\wamp\\www\\xbo...', Array)
#6 C:\wamp\www\xbox-lfg\vendor\cakephp\cakephp\src\View\View.php(578): Cake\View\View->_render('C:\\wamp\\www\\xbo...')
#7 C:\wamp\www\xbox-lfg\vendor\cakephp\cakephp\src\Controller\Controller.php(611): Cake\View\View->render(NULL, NULL)
#8 C:\wamp\www\xbox-lfg\vendor\cakephp\cakephp\src\Routing\Dispatcher.php(120): Cake\Controller\Controller->render()
#9 C:\wamp\www\xbox-lfg\vendor\cakephp\cakephp\src\Routing\Dispatcher.php(87): Cake\Routing\Dispatcher->_invoke(Object(App\Controller\LfgController))
#10 C:\wamp\www\xbox-lfg\webroot\index.php(37): Cake\Routing\Dispatcher->dispatch(Object(Cake\Network\Request), Object(Cake\Network\Response))
#11 {main}


2015-11-30 06:27:40 Error: [Cake\View\Exception\MissingHelperException] Helper class webrootHelper could not be found.
Exception Attributes: array (
  'class' => 'webrootHelper',
  'plugin' => NULL,
)
Request URL: /xbox-lfg/lfg
Stack Trace:
#0 C:\wamp\www\xbox-lfg\vendor\cakephp\cakephp\src\Core\ObjectRegistry.php(91): Cake\View\HelperRegistry->_throwMissingClassError('webroot', NULL)
#1 C:\wamp\www\xbox-lfg\vendor\cakephp\cakephp\src\View\HelperRegistry.php(66): Cake\Core\ObjectRegistry->load('webroot')
#2 C:\wamp\www\xbox-lfg\vendor\cakephp\cakephp\src\View\View.php(866): Cake\View\HelperRegistry->__isset('webroot')
#3 C:\wamp\www\xbox-lfg\src\Template\Lfg\index.ctp(8): Cake\View\View->__get('webroot')
#4 C:\wamp\www\xbox-lfg\vendor\cakephp\cakephp\src\View\View.php(970): include('C:\\wamp\\www\\xbo...')
#5 C:\wamp\www\xbox-lfg\vendor\cakephp\cakephp\src\View\View.php(930): Cake\View\View->_evaluate('C:\\wamp\\www\\xbo...', Array)
#6 C:\wamp\www\xbox-lfg\vendor\cakephp\cakephp\src\View\View.php(578): Cake\View\View->_render('C:\\wamp\\www\\xbo...')
#7 C:\wamp\www\xbox-lfg\vendor\cakephp\cakephp\src\Controller\Controller.php(611): Cake\View\View->render(NULL, NULL)
#8 C:\wamp\www\xbox-lfg\vendor\cakephp\cakephp\src\Routing\Dispatcher.php(120): Cake\Controller\Controller->render()
#9 C:\wamp\www\xbox-lfg\vendor\cakephp\cakephp\src\Routing\Dispatcher.php(87): Cake\Routing\Dispatcher->_invoke(Object(App\Controller\LfgController))
#10 C:\wamp\www\xbox-lfg\webroot\index.php(37): Cake\Routing\Dispatcher->dispatch(Object(Cake\Network\Request), Object(Cake\Network\Response))
#11 {main}


2015-11-30 06:28:10 Error: [Cake\View\Exception\MissingHelperException] Helper class webrootHelper could not be found.
Exception Attributes: array (
  'class' => 'webrootHelper',
  'plugin' => NULL,
)
Request URL: /xbox-lfg/lfg
Stack Trace:
#0 C:\wamp\www\xbox-lfg\vendor\cakephp\cakephp\src\Core\ObjectRegistry.php(91): Cake\View\HelperRegistry->_throwMissingClassError('webroot', NULL)
#1 C:\wamp\www\xbox-lfg\vendor\cakephp\cakephp\src\View\HelperRegistry.php(66): Cake\Core\ObjectRegistry->load('webroot')
#2 C:\wamp\www\xbox-lfg\vendor\cakephp\cakephp\src\View\View.php(866): Cake\View\HelperRegistry->__isset('webroot')
#3 C:\wamp\www\xbox-lfg\src\Template\Lfg\index.ctp(8): Cake\View\View->__get('webroot')
#4 C:\wamp\www\xbox-lfg\vendor\cakephp\cakephp\src\View\View.php(970): include('C:\\wamp\\www\\xbo...')
#5 C:\wamp\www\xbox-lfg\vendor\cakephp\cakephp\src\View\View.php(930): Cake\View\View->_evaluate('C:\\wamp\\www\\xbo...', Array)
#6 C:\wamp\www\xbox-lfg\vendor\cakephp\cakephp\src\View\View.php(578): Cake\View\View->_render('C:\\wamp\\www\\xbo...')
#7 C:\wamp\www\xbox-lfg\vendor\cakephp\cakephp\src\Controller\Controller.php(611): Cake\View\View->render(NULL, NULL)
#8 C:\wamp\www\xbox-lfg\vendor\cakephp\cakephp\src\Routing\Dispatcher.php(120): Cake\Controller\Controller->render()
#9 C:\wamp\www\xbox-lfg\vendor\cakephp\cakephp\src\Routing\Dispatcher.php(87): Cake\Routing\Dispatcher->_invoke(Object(App\Controller\LfgController))
#10 C:\wamp\www\xbox-lfg\webroot\index.php(37): Cake\Routing\Dispatcher->dispatch(Object(Cake\Network\Request), Object(Cake\Network\Response))
#11 {main}


2015-11-30 06:29:20 Error: [Cake\View\Exception\MissingHelperException] Helper class webrootHelper could not be found.
Exception Attributes: array (
  'class' => 'webrootHelper',
  'plugin' => NULL,
)
Request URL: /xbox-lfg/lfg
Stack Trace:
#0 C:\wamp\www\xbox-lfg\vendor\cakephp\cakephp\src\Core\ObjectRegistry.php(91): Cake\View\HelperRegistry->_throwMissingClassError('webroot', NULL)
#1 C:\wamp\www\xbox-lfg\vendor\cakephp\cakephp\src\View\HelperRegistry.php(66): Cake\Core\ObjectRegistry->load('webroot')
#2 C:\wamp\www\xbox-lfg\vendor\cakephp\cakephp\src\View\View.php(866): Cake\View\HelperRegistry->__isset('webroot')
#3 C:\wamp\www\xbox-lfg\src\Template\Lfg\index.ctp(8): Cake\View\View->__get('webroot')
#4 C:\wamp\www\xbox-lfg\vendor\cakephp\cakephp\src\View\View.php(970): include('C:\\wamp\\www\\xbo...')
#5 C:\wamp\www\xbox-lfg\vendor\cakephp\cakephp\src\View\View.php(930): Cake\View\View->_evaluate('C:\\wamp\\www\\xbo...', Array)
#6 C:\wamp\www\xbox-lfg\vendor\cakephp\cakephp\src\View\View.php(578): Cake\View\View->_render('C:\\wamp\\www\\xbo...')
#7 C:\wamp\www\xbox-lfg\vendor\cakephp\cakephp\src\Controller\Controller.php(611): Cake\View\View->render(NULL, NULL)
#8 C:\wamp\www\xbox-lfg\vendor\cakephp\cakephp\src\Routing\Dispatcher.php(120): Cake\Controller\Controller->render()
#9 C:\wamp\www\xbox-lfg\vendor\cakephp\cakephp\src\Routing\Dispatcher.php(87): Cake\Routing\Dispatcher->_invoke(Object(App\Controller\LfgController))
#10 C:\wamp\www\xbox-lfg\webroot\index.php(37): Cake\Routing\Dispatcher->dispatch(Object(Cake\Network\Request), Object(Cake\Network\Response))
#11 {main}


2015-11-30 06:29:34 Error: [Cake\View\Exception\MissingHelperException] Helper class webrootHelper could not be found.
Exception Attributes: array (
  'class' => 'webrootHelper',
  'plugin' => NULL,
)
Request URL: /xbox-lfg/lfg
Stack Trace:
#0 C:\wamp\www\xbox-lfg\vendor\cakephp\cakephp\src\Core\ObjectRegistry.php(91): Cake\View\HelperRegistry->_throwMissingClassError('webroot', NULL)
#1 C:\wamp\www\xbox-lfg\vendor\cakephp\cakephp\src\View\HelperRegistry.php(66): Cake\Core\ObjectRegistry->load('webroot')
#2 C:\wamp\www\xbox-lfg\vendor\cakephp\cakephp\src\View\View.php(866): Cake\View\HelperRegistry->__isset('webroot')
#3 C:\wamp\www\xbox-lfg\src\Template\Lfg\index.ctp(8): Cake\View\View->__get('webroot')
#4 C:\wamp\www\xbox-lfg\vendor\cakephp\cakephp\src\View\View.php(970): include('C:\\wamp\\www\\xbo...')
#5 C:\wamp\www\xbox-lfg\vendor\cakephp\cakephp\src\View\View.php(930): Cake\View\View->_evaluate('C:\\wamp\\www\\xbo...', Array)
#6 C:\wamp\www\xbox-lfg\vendor\cakephp\cakephp\src\View\View.php(578): Cake\View\View->_render('C:\\wamp\\www\\xbo...')
#7 C:\wamp\www\xbox-lfg\vendor\cakephp\cakephp\src\Controller\Controller.php(611): Cake\View\View->render(NULL, NULL)
#8 C:\wamp\www\xbox-lfg\vendor\cakephp\cakephp\src\Routing\Dispatcher.php(120): Cake\Controller\Controller->render()
#9 C:\wamp\www\xbox-lfg\vendor\cakephp\cakephp\src\Routing\Dispatcher.php(87): Cake\Routing\Dispatcher->_invoke(Object(App\Controller\LfgController))
#10 C:\wamp\www\xbox-lfg\webroot\index.php(37): Cake\Routing\Dispatcher->dispatch(Object(Cake\Network\Request), Object(Cake\Network\Response))
#11 {main}


2015-11-30 06:30:06 Error: [Cake\View\Exception\MissingHelperException] Helper class webrootHelper could not be found.
Exception Attributes: array (
  'class' => 'webrootHelper',
  'plugin' => NULL,
)
Request URL: /xbox-lfg/lfg
Stack Trace:
#0 C:\wamp\www\xbox-lfg\vendor\cakephp\cakephp\src\Core\ObjectRegistry.php(91): Cake\View\HelperRegistry->_throwMissingClassError('webroot', NULL)
#1 C:\wamp\www\xbox-lfg\vendor\cakephp\cakephp\src\View\HelperRegistry.php(66): Cake\Core\ObjectRegistry->load('webroot')
#2 C:\wamp\www\xbox-lfg\vendor\cakephp\cakephp\src\View\View.php(866): Cake\View\HelperRegistry->__isset('webroot')
#3 C:\wamp\www\xbox-lfg\src\Template\Lfg\index.ctp(8): Cake\View\View->__get('webroot')
#4 C:\wamp\www\xbox-lfg\vendor\cakephp\cakephp\src\View\View.php(970): include('C:\\wamp\\www\\xbo...')
#5 C:\wamp\www\xbox-lfg\vendor\cakephp\cakephp\src\View\View.php(930): Cake\View\View->_evaluate('C:\\wamp\\www\\xbo...', Array)
#6 C:\wamp\www\xbox-lfg\vendor\cakephp\cakephp\src\View\View.php(578): Cake\View\View->_render('C:\\wamp\\www\\xbo...')
#7 C:\wamp\www\xbox-lfg\vendor\cakephp\cakephp\src\Controller\Controller.php(611): Cake\View\View->render(NULL, NULL)
#8 C:\wamp\www\xbox-lfg\vendor\cakephp\cakephp\src\Routing\Dispatcher.php(120): Cake\Controller\Controller->render()
#9 C:\wamp\www\xbox-lfg\vendor\cakephp\cakephp\src\Routing\Dispatcher.php(87): Cake\Routing\Dispatcher->_invoke(Object(App\Controller\LfgController))
#10 C:\wamp\www\xbox-lfg\webroot\index.php(37): Cake\Routing\Dispatcher->dispatch(Object(Cake\Network\Request), Object(Cake\Network\Response))
#11 {main}


2015-11-30 06:30:54 Error: [Cake\View\Exception\MissingHelperException] Helper class thiswebrootHelper could not be found.
Exception Attributes: array (
  'class' => 'thiswebrootHelper',
  'plugin' => NULL,
)
Request URL: /xbox-lfg/lfg
Stack Trace:
#0 C:\wamp\www\xbox-lfg\vendor\cakephp\cakephp\src\Core\ObjectRegistry.php(91): Cake\View\HelperRegistry->_throwMissingClassError('thiswebroot', NULL)
#1 C:\wamp\www\xbox-lfg\vendor\cakephp\cakephp\src\View\HelperRegistry.php(66): Cake\Core\ObjectRegistry->load('thiswebroot')
#2 C:\wamp\www\xbox-lfg\vendor\cakephp\cakephp\src\View\View.php(866): Cake\View\HelperRegistry->__isset('thiswebroot')
#3 C:\wamp\www\xbox-lfg\src\Template\Lfg\index.ctp(8): Cake\View\View->__get('thiswebroot')
#4 C:\wamp\www\xbox-lfg\vendor\cakephp\cakephp\src\View\View.php(970): include('C:\\wamp\\www\\xbo...')
#5 C:\wamp\www\xbox-lfg\vendor\cakephp\cakephp\src\View\View.php(930): Cake\View\View->_evaluate('C:\\wamp\\www\\xbo...', Array)
#6 C:\wamp\www\xbox-lfg\vendor\cakephp\cakephp\src\View\View.php(578): Cake\View\View->_render('C:\\wamp\\www\\xbo...')
#7 C:\wamp\www\xbox-lfg\vendor\cakephp\cakephp\src\Controller\Controller.php(611): Cake\View\View->render(NULL, NULL)
#8 C:\wamp\www\xbox-lfg\vendor\cakephp\cakephp\src\Routing\Dispatcher.php(120): Cake\Controller\Controller->render()
#9 C:\wamp\www\xbox-lfg\vendor\cakephp\cakephp\src\Routing\Dispatcher.php(87): Cake\Routing\Dispatcher->_invoke(Object(App\Controller\LfgController))
#10 C:\wamp\www\xbox-lfg\webroot\index.php(37): Cake\Routing\Dispatcher->dispatch(Object(Cake\Network\Request), Object(Cake\Network\Response))
#11 {main}


